--2025-08-26 19:21:53--  https://bioresources.s3.amazonaws.com/510-7-BRCA_S8_L001_R2_001.fastq.gz
Resolving bioresources.s3.amazonaws.com (bioresources.s3.amazonaws.com)... 3.5.7.139, 54.231.224.177, 54.231.163.81, ...
Connecting to bioresources.s3.amazonaws.com (bioresources.s3.amazonaws.com)|3.5.7.139|:443... connected.
HTTP request sent, awaiting response... 200 OK
Length: 6451513 (6,2M) [application/x-gzip]
Saving to: ‘data/samples/510-7-BRCA_S8_L001_R2_001.fastq.gz’

     0K .......... .......... .......... .......... ..........  0%  476K 13s
    50K .......... .......... .......... .......... ..........  1%  487K 13s
   100K .......... .......... .......... .......... ..........  2% 10,6M 9s
   150K .......... .......... .......... .......... ..........  3%  510K 9s
   200K .......... .......... .......... .......... ..........  3% 10,7M 8s
   250K .......... .......... .......... .......... ..........  4% 10,7M 6s
   300K .......... .......... .......... .......... ..........  5% 11,3M 6s
   350K .......... .......... .......... .......... ..........  6%  557K 6s
   400K .......... .......... .......... .......... ..........  7% 10,7M 5s
   450K .......... .......... .......... .......... ..........  7% 11,3M 5s
   500K .......... .......... .......... .......... ..........  8% 10,7M 4s
   550K .......... .......... .......... .......... ..........  9% 10,7M 4s
   600K .......... .......... .......... .......... .......... 10% 11,3M 4s
   650K .......... .......... .......... .......... .......... 11% 10,7M 4s
   700K .......... .......... .......... .......... .......... 11% 1,75M 3s
   750K .......... .......... .......... .......... .......... 12%  749K 4s
   800K .......... .......... .......... .......... .......... 13% 10,7M 3s
   850K .......... .......... .......... .......... .......... 14% 16,2M 3s
   900K .......... .......... .......... .......... .......... 15%  391K 4s
   950K .......... .......... .......... .......... .......... 15% 11,3M 4s
  1000K .......... .......... .......... .......... .......... 16% 59,7M 3s
  1050K .......... .......... .......... .......... .......... 17% 19,7M 3s
  1100K .......... .......... .......... .......... .......... 18% 19,3M 3s
  1150K .......... .......... .......... .......... .......... 19% 48,5M 3s
  1200K .......... .......... .......... .......... .......... 19% 13,7M 3s
  1250K .......... .......... .......... .......... .......... 20% 60,4M 3s
  1300K .......... .......... .......... .......... .......... 21% 1,80M 3s
  1350K .......... .......... .......... .......... .......... 22% 38,9M 3s
  1400K .......... .......... .......... .......... .......... 23%  899K 3s
  1450K .......... .......... .......... .......... .......... 23% 38,3M 2s
  1500K .......... .......... .......... .......... .......... 24% 29,7M 2s
  1550K .......... .......... .......... .......... .......... 25% 57,2M 2s
  1600K .......... .......... .......... .......... .......... 26% 57,9M 2s
  1650K .......... .......... .......... .......... .......... 26% 59,3M 2s
  1700K .......... .......... .......... .......... .......... 27% 63,5M 2s
  1750K .......... .......... .......... .......... .......... 28% 76,0M 2s
  1800K .......... .......... .......... .......... .......... 29% 16,0M 2s
  1850K .......... .......... .......... .......... .......... 30% 11,3M 2s
  1900K .......... .......... .......... .......... .......... 30% 10,7M 2s
  1950K .......... .......... .......... .......... .......... 31% 10,7M 2s
  2000K .......... .......... .......... .......... .......... 32% 11,3M 2s
  2050K .......... .......... .......... .......... .......... 33% 10,6M 2s
  2100K .......... .......... .......... .......... .......... 34% 11,4M 2s
  2150K .......... .......... .......... .......... .......... 34% 10,7M 2s
  2200K .......... .......... .......... .......... .......... 35% 12,0M 1s
  2250K .......... .......... .......... .......... .......... 36% 1,67M 1s
  2300K .......... .......... .......... .......... .......... 37%  934K 2s
  2350K .......... .......... .......... .......... .......... 38% 8,73M 1s
  2400K .......... .......... .......... .......... .......... 38% 11,3M 1s
  2450K .......... .......... .......... .......... .......... 39% 12,0M 1s
  2500K .......... .......... .......... .......... .......... 40% 11,3M 1s
  2550K .......... .......... .......... .......... .......... 41% 12,0M 1s
  2600K .......... .......... .......... .......... .......... 42% 11,3M 1s
  2650K .......... .......... .......... .......... .......... 42% 12,0M 1s
  2700K .......... .......... .......... .......... .......... 43% 11,3M 1s
  2750K .......... .......... .......... .......... .......... 44% 8,73M 1s
  2800K .......... .......... .......... .......... .......... 45% 1,70M 1s
  2850K .......... .......... .......... .......... .......... 46%  956K 1s
  2900K .......... .......... .......... .......... .......... 46% 11,3M 1s
  2950K .......... .......... .......... .......... .......... 47% 12,0M 1s
  3000K .......... .......... .......... .......... .......... 48% 11,3M 1s
  3050K .......... .......... .......... .......... .......... 49% 12,0M 1s
  3100K .......... .......... .......... .......... .......... 49% 12,0M 1s
  3150K .......... .......... .......... .......... .......... 50% 8,37M 1s
  3200K .......... .......... .......... .......... .......... 51% 12,0M 1s
  3250K .......... .......... .......... .......... .......... 52% 11,3M 1s
  3300K .......... .......... .......... .......... .......... 53% 12,0M 1s
  3350K .......... .......... .......... .......... .......... 53% 11,3M 1s
  3400K .......... .......... .......... .......... .......... 54% 1,67M 1s
  3450K .......... .......... .......... .......... .......... 55%  990K 1s
  3500K .......... .......... .......... .......... .......... 56% 12,1M 1s
  3550K .......... .......... .......... .......... .......... 57% 8,74M 1s
  3600K .......... .......... .......... .......... .......... 57% 11,3M 1s
  3650K .......... .......... .......... .......... .......... 58% 12,0M 1s
  3700K .......... .......... .......... .......... .......... 59% 11,3M 1s
  3750K .......... .......... .......... .......... .......... 60% 12,0M 1s
  3800K .......... .......... .......... .......... .......... 61% 11,3M 1s
  3850K .......... .......... .......... .......... .......... 61% 12,0M 1s
  3900K .......... .......... .......... .......... .......... 62% 11,3M 1s
  3950K .......... .......... .......... .......... .......... 63% 8,73M 1s
  4000K .......... .......... .......... .......... .......... 64% 1,64M 1s
  4050K .......... .......... .......... .......... .......... 65%  990K 1s
  4100K .......... .......... .......... .......... .......... 65% 12,1M 1s
  4150K .......... .......... .......... .......... .......... 66% 11,3M 1s
  4200K .......... .......... .......... .......... .......... 67% 12,0M 1s
  4250K .......... .......... .......... .......... .......... 68% 11,3M 1s
  4300K .......... .......... .......... .......... .......... 69% 12,0M 1s
  4350K .......... .......... .......... .......... .......... 69% 8,75M 1s
  4400K .......... .......... .......... .......... .......... 70% 11,3M 1s
  4450K .......... .......... .......... .......... .......... 71% 12,0M 1s
  4500K .......... .......... .......... .......... .......... 72% 11,3M 1s
  4550K .......... .......... .......... .......... .......... 73% 10,7M 0s
  4600K .......... .......... .......... .......... .......... 73% 11,3M 0s
  4650K .......... .......... .......... .......... .......... 74% 1,59M 0s
  4700K .......... .......... .......... .......... .......... 75% 1,01M 0s
  4750K .......... .......... .......... .......... .......... 76% 8,76M 0s
  4800K .......... .......... .......... .......... .......... 76% 11,3M 0s
  4850K .......... .......... .......... .......... .......... 77% 12,0M 0s
  4900K .......... .......... .......... .......... .......... 78% 11,3M 0s
  4950K .......... .......... .......... .......... .......... 79% 12,0M 0s
  5000K .......... .......... .......... .......... .......... 80% 11,3M 0s
  5050K .......... .......... .......... .......... .......... 80% 11,9M 0s
  5100K .......... .......... .......... .......... .......... 81% 11,4M 0s
  5150K .......... .......... .......... .......... .......... 82% 8,36M 0s
  5200K .......... .......... .......... .......... .......... 83% 12,0M 0s
  5250K .......... .......... .......... .......... .......... 84% 1,59M 0s
  5300K .......... .......... .......... .......... .......... 84% 1,29M 0s
  5350K .......... .......... .......... .......... .......... 85% 11,4M 0s
  5400K .......... .......... .......... .......... .......... 86% 11,3M 0s
  5450K .......... .......... .......... .......... .......... 87% 12,0M 0s
  5500K .......... .......... .......... .......... .......... 88% 11,3M 0s
  5550K .......... .......... .......... .......... .......... 88% 8,75M 0s
  5600K .......... .......... .......... .......... .......... 89% 12,0M 0s
  5650K .......... .......... .......... .......... .......... 90% 11,3M 0s
  5700K .......... .......... .......... .......... .......... 91% 12,0M 0s
  5750K .......... .......... .......... .......... .......... 92% 11,3M 0s
  5800K .......... .......... .......... .......... .......... 92% 11,3M 0s
  5850K .......... .......... .......... .......... .......... 93% 11,3M 0s
  5900K .......... .......... .......... .......... .......... 94% 1,56M 0s
  5950K .......... .......... .......... .......... .......... 95% 1,25M 0s
  6000K .......... .......... .......... .......... .......... 96% 12,0M 0s
  6050K .......... .......... .......... .......... .......... 96% 10,7M 0s
  6100K .......... .......... .......... .......... .......... 97% 12,0M 0s
  6150K .......... .......... .......... .......... .......... 98% 11,3M 0s
  6200K .......... .......... .......... .......... .......... 99% 12,0M 0s
  6250K .......... .......... .......... .......... .......... 99% 12,0M 0s
  6300K                                                       100%  583G=1,7s

2025-08-26 19:21:56 (3,72 MB/s) - ‘data/samples/510-7-BRCA_S8_L001_R2_001.fastq.gz’ saved [6451513/6451513]

