--2025-08-26 19:21:53--  https://bioresources.s3.amazonaws.com/510-7-BRCA_S8_L001_R1_001.fastq.gz
Resolving bioresources.s3.amazonaws.com (bioresources.s3.amazonaws.com)... 3.5.7.139, 54.231.224.177, 54.231.163.81, ...
Connecting to bioresources.s3.amazonaws.com (bioresources.s3.amazonaws.com)|3.5.7.139|:443... connected.
HTTP request sent, awaiting response... 200 OK
Length: 6275942 (6,0M) [application/x-gzip]
Saving to: ‘data/samples/510-7-BRCA_S8_L001_R1_001.fastq.gz’

     0K .......... .......... .......... .......... ..........  0%  478K 13s
    50K .......... .......... .......... .......... ..........  1%  487K 12s
   100K .......... .......... .......... .......... ..........  2% 10,7M 8s
   150K .......... .......... .......... .......... ..........  3%  508K 9s
   200K .......... .......... .......... .......... ..........  4% 11,4M 7s
   250K .......... .......... .......... .......... ..........  4% 10,7M 6s
   300K .......... .......... .......... .......... ..........  5% 11,3M 5s
   350K .......... .......... .......... .......... ..........  6%  554K 6s
   400K .......... .......... .......... .......... ..........  7% 11,3M 5s
   450K .......... .......... .......... .......... ..........  8% 10,7M 5s
   500K .......... .......... .......... .......... ..........  8% 10,7M 4s
   550K .......... .......... .......... .......... ..........  9% 11,3M 4s
   600K .......... .......... .......... .......... .......... 10% 10,7M 4s
   650K .......... .......... .......... .......... .......... 11% 11,3M 3s
   700K .......... .......... .......... .......... .......... 12% 3,74M 3s
   750K .......... .......... .......... .......... .......... 13%  767K 3s
   800K .......... .......... .......... .......... .......... 13% 10,7M 3s
   850K .......... .......... .......... .......... .......... 14% 16,1M 3s
   900K .......... .......... .......... .......... .......... 15% 11,3M 3s
   950K .......... .......... .......... .......... .......... 16% 10,7M 3s
  1000K .......... .......... .......... .......... .......... 17% 11,3M 3s
  1050K .......... .......... .......... .......... .......... 17% 10,7M 2s
  1100K .......... .......... .......... .......... .......... 18% 11,3M 2s
  1150K .......... .......... .......... .......... .......... 19% 11,3M 2s
  1200K .......... .......... .......... .......... .......... 20% 10,7M 2s
  1250K .......... .......... .......... .......... .......... 21% 10,7M 2s
  1300K .......... .......... .......... .......... .......... 22%  204K 3s
  1350K .......... .......... .......... .......... .......... 22% 61,5M 3s
  1400K .......... .......... .......... .......... .......... 23% 62,9M 3s
  1450K .......... .......... .......... .......... .......... 24% 64,2M 2s
  1500K .......... .......... .......... .......... .......... 25% 64,8M 2s
  1550K .......... .......... .......... .......... .......... 26% 63,3M 2s
  1600K .......... .......... .......... .......... .......... 26% 64,1M 2s
  1650K .......... .......... .......... .......... .......... 27% 59,7M 2s
  1700K .......... .......... .......... .......... .......... 28% 66,5M 2s
  1750K .......... .......... .......... .......... .......... 29% 84,7M 2s
  1800K .......... .......... .......... .......... .......... 30% 62,4M 2s
  1850K .......... .......... .......... .......... .......... 31% 66,7M 2s
  1900K .......... .......... .......... .......... .......... 31% 74,2M 2s
  1950K .......... .......... .......... .......... .......... 32% 72,9M 2s
  2000K .......... .......... .......... .......... .......... 33% 71,5M 2s
  2050K .......... .......... .......... .......... .......... 34% 72,5M 2s
  2100K .......... .......... .......... .......... .......... 35% 70,4M 2s
  2150K .......... .......... .......... .......... .......... 35% 72,2M 1s
  2200K .......... .......... .......... .......... .......... 36% 73,0M 1s
  2250K .......... .......... .......... .......... .......... 37% 71,3M 1s
  2300K .......... .......... .......... .......... .......... 38% 72,3M 1s
  2350K .......... .......... .......... .......... .......... 39% 84,2M 1s
  2400K .......... .......... .......... .......... .......... 39% 84,2M 1s
  2450K .......... .......... .......... .......... .......... 40% 86,7M 1s
  2500K .......... .......... .......... .......... .......... 41% 83,9M 1s
  2550K .......... .......... .......... .......... .......... 42% 62,8M 1s
  2600K .......... .......... .......... .......... .......... 43% 86,0M 1s
  2650K .......... .......... .......... .......... .......... 44%  735K 1s
  2700K .......... .......... .......... .......... .......... 44% 11,4M 1s
  2750K .......... .......... .......... .......... .......... 45% 12,0M 1s
  2800K .......... .......... .......... .......... .......... 46% 11,4M 1s
  2850K .......... .......... .......... .......... .......... 47% 12,0M 1s
  2900K .......... .......... .......... .......... .......... 48% 11,3M 1s
  2950K .......... .......... .......... .......... .......... 48% 8,75M 1s
  3000K .......... .......... .......... .......... .......... 49% 12,0M 1s
  3050K .......... .......... .......... .......... .......... 50% 11,3M 1s
  3100K .......... .......... .......... .......... .......... 51% 12,0M 1s
  3150K .......... .......... .......... .......... .......... 52%  385K 1s
  3200K .......... .......... .......... .......... .......... 53%  597K 1s
  3250K .......... .......... .......... .......... .......... 53% 12,1M 1s
  3300K .......... .......... .......... .......... .......... 54% 51,9M 1s
  3350K .......... .......... .......... .......... .......... 55% 55,0M 1s
  3400K .......... .......... .......... .......... .......... 56% 72,8M 1s
  3450K .......... .......... .......... .......... .......... 57% 72,0M 1s
  3500K .......... .......... .......... .......... .......... 57% 74,0M 1s
  3550K .......... .......... .......... .......... .......... 58% 12,9M 1s
  3600K .......... .......... .......... .......... .......... 59% 33,8M 1s
  3650K .......... .......... .......... .......... .......... 60% 72,2M 1s
  3700K .......... .......... .......... .......... .......... 61% 72,0M 1s
  3750K .......... .......... .......... .......... .......... 62% 55,6M 1s
  3800K .......... .......... .......... .......... .......... 62% 60,6M 1s
  3850K .......... .......... .......... .......... .......... 63% 71,9M 1s
  3900K .......... .......... .......... .......... .......... 64% 72,6M 1s
  3950K .......... .......... .......... .......... .......... 65% 70,3M 1s
  4000K .......... .......... .......... .......... .......... 66% 12,6M 1s
  4050K .......... .......... .......... .......... .......... 66% 12,0M 1s
  4100K .......... .......... .......... .......... .......... 67% 11,3M 1s
  4150K .......... .......... .......... .......... .......... 68% 9,15M 1s
  4200K .......... .......... .......... .......... .......... 69%  584K 1s
  4250K .......... .......... .......... .......... .......... 70% 12,1M 1s
  4300K .......... .......... .......... .......... .......... 70% 11,3M 1s
  4350K .......... .......... .......... .......... .......... 71% 12,0M 1s
  4400K .......... .......... .......... .......... .......... 72% 11,3M 0s
  4450K .......... .......... .......... .......... .......... 73% 12,0M 0s
  4500K .......... .......... .......... .......... .......... 74% 11,4M 0s
  4550K .......... .......... .......... .......... .......... 75% 8,73M 0s
  4600K .......... .......... .......... .......... .......... 75% 12,0M 0s
  4650K .......... .......... .......... .......... .......... 76% 11,3M 0s
  4700K .......... .......... .......... .......... .......... 77% 12,0M 0s
  4750K .......... .......... .......... .......... .......... 78%  574K 0s
  4800K .......... .......... .......... .......... .......... 79%  382K 0s
  4850K .......... .......... .......... .......... .......... 79% 24,7M 0s
  4900K .......... .......... .......... .......... .......... 80% 69,7M 0s
  4950K .......... .......... .......... .......... .......... 81% 55,8M 0s
  5000K .......... .......... .......... .......... .......... 82% 71,8M 0s
  5050K .......... .......... .......... .......... .......... 83% 70,1M 0s
  5100K .......... .......... .......... .......... .......... 84% 70,8M 0s
  5150K .......... .......... .......... .......... .......... 84% 73,5M 0s
  5200K .......... .......... .......... .......... .......... 85% 72,1M 0s
  5250K .......... .......... .......... .......... .......... 86% 72,6M 0s
  5300K .......... .......... .......... .......... .......... 87% 73,7M 0s
  5350K .......... .......... .......... .......... .......... 88% 55,0M 0s
  5400K .......... .......... .......... .......... .......... 88% 40,2M 0s
  5450K .......... .......... .......... .......... .......... 89% 12,0M 0s
  5500K .......... .......... .......... .......... .......... 90% 11,3M 0s
  5550K .......... .......... .......... .......... .......... 91% 12,0M 0s
  5600K .......... .......... .......... .......... .......... 92%  560K 0s
  5650K .......... .......... .......... .......... .......... 93% 11,3M 0s
  5700K .......... .......... .......... .......... .......... 93% 12,0M 0s
  5750K .......... .......... .......... .......... .......... 94% 8,73M 0s
  5800K .......... .......... .......... .......... .......... 95% 11,3M 0s
  5850K .......... .......... .......... .......... .......... 96% 12,0M 0s
  5900K .......... .......... .......... .......... .......... 97% 11,3M 0s
  5950K .......... .......... .......... .......... .......... 97%  664K 0s
  6000K .......... .......... .......... .......... .......... 98% 12,0M 0s
  6050K .......... .......... .......... .......... .......... 99% 11,3M 0s
  6100K .......... .......... ........                        100% 13,9M=1,8s

2025-08-26 19:21:56 (3,41 MB/s) - ‘data/samples/510-7-BRCA_S8_L001_R1_001.fastq.gz’ saved [6275942/6275942]

