INFO	2025-08-26 19:35:13	MarkDuplicates	

********** NOTE: Picard's command line syntax is changing.
**********
********** For more information, please see:
********** 
https://github.com/broadinstitute/picard/wiki/Command-Line-Syntax-Transition-For-Users-(Pre-Transition)
**********
********** The command line looks like this in the new syntax:
**********
**********    MarkDuplicates -CREATE_INDEX true -I output/bwa/alignment/510-7-BRCA_S8_L001.sorted.bam -O output/bwa/marked/510-7-BRCA_S8_L001.bam -M output/bwa/marked/510-7-BRCA_S8_L001.metrics.txt -VALIDATION_STRINGENCY STRICT -REMOVE_DUPLICATES true -TMP_DIR output/tmp
**********


19:35:13.664 INFO  NativeLibraryLoader - Loading libgkl_compression.so from jar:file:/home/prospecmol/anaconda3/envs/DNASeq/share/picard-slim-3.4.0-0/picard.jar!/com/intel/gkl/native/libgkl_compression.so
[Tue Aug 26 19:35:13 GMT-03:00 2025] MarkDuplicates INPUT=[output/bwa/alignment/510-7-BRCA_S8_L001.sorted.bam] OUTPUT=output/bwa/marked/510-7-BRCA_S8_L001.bam METRICS_FILE=output/bwa/marked/510-7-BRCA_S8_L001.metrics.txt REMOVE_DUPLICATES=true TMP_DIR=[output/tmp] VALIDATION_STRINGENCY=STRICT CREATE_INDEX=true    MAX_SEQUENCES_FOR_DISK_READ_ENDS_MAP=50000 MAX_FILE_HANDLES_FOR_READ_ENDS_MAP=8000 SORTING_COLLECTION_SIZE_RATIO=0.25 TAG_DUPLICATE_SET_MEMBERS=false REMOVE_SEQUENCING_DUPLICATES=false TAGGING_POLICY=DontTag CLEAR_DT=true DUPLEX_UMI=false FLOW_MODE=false FLOW_DUP_STRATEGY=FLOW_QUALITY_SUM_STRATEGY FLOW_USE_END_IN_UNPAIRED_READS=false FLOW_USE_UNPAIRED_CLIPPED_END=false FLOW_UNPAIRED_END_UNCERTAINTY=0 FLOW_UNPAIRED_START_UNCERTAINTY=0 FLOW_SKIP_FIRST_N_FLOWS=0 FLOW_Q_IS_KNOWN_END=false FLOW_EFFECTIVE_QUALITY_THRESHOLD=15 ADD_PG_TAG_TO_READS=true ASSUME_SORTED=false DUPLICATE_SCORING_STRATEGY=SUM_OF_BASE_QUALITIES PROGRAM_RECORD_ID=MarkDuplicates PROGRAM_GROUP_NAME=MarkDuplicates READ_NAME_REGEX=<optimized capture of last three ':' separated fields as numeric values> OPTICAL_DUPLICATE_PIXEL_DISTANCE=100 MAX_OPTICAL_DUPLICATE_SET_SIZE=300000 VERBOSITY=INFO QUIET=false COMPRESSION_LEVEL=5 MAX_RECORDS_IN_RAM=500000 CREATE_MD5_FILE=false USE_JDK_DEFLATER=false USE_JDK_INFLATER=false
[Tue Aug 26 19:35:13 GMT-03:00 2025] Executing as prospecmol@admin on Linux 6.8.0-40-generic amd64; OpenJDK 64-Bit Server VM 23.0.2-internal-adhoc.conda.src; Deflater: Intel; Inflater: Intel; Provider GCS is available; Picard version: 3.4.0
INFO	2025-08-26 19:35:13	MarkDuplicates	Start of doWork freeMemory: 526552224; totalMemory: 536870912; maxMemory: 1073741824
INFO	2025-08-26 19:35:13	MarkDuplicates	Reading input file and constructing read end information.
INFO	2025-08-26 19:35:13	MarkDuplicates	Will retain up to 3890368 data points before spilling to disk.
INFO	2025-08-26 19:35:14	MarkDuplicates	Read 124494 records. 81 pairs never matched.
INFO	2025-08-26 19:35:14	MarkDuplicates	After buildSortedReadEndLists freeMemory: 481277712; totalMemory: 536870912; maxMemory: 1073741824
INFO	2025-08-26 19:35:14	MarkDuplicates	Will retain up to 33554432 duplicate indices before spilling to disk.
INFO	2025-08-26 19:35:14	MarkDuplicates	Traversing read pair information and detecting duplicates.
INFO	2025-08-26 19:35:14	MarkDuplicates	Traversing fragment information and detecting duplicates.
INFO	2025-08-26 19:35:14	MarkDuplicates	Sorting list of duplicate records.
INFO	2025-08-26 19:35:14	MarkDuplicates	After generateDuplicateIndexes freeMemory: 256697248; totalMemory: 536870912; maxMemory: 1073741824
INFO	2025-08-26 19:35:14	MarkDuplicates	Marking 12980 records as duplicates.
INFO	2025-08-26 19:35:14	MarkDuplicates	Found 25 optical duplicate clusters.
INFO	2025-08-26 19:35:14	MarkDuplicates	Reads are assumed to be ordered by: coordinate
INFO	2025-08-26 19:35:16	MarkDuplicates	Writing complete. Closing input iterator.
INFO	2025-08-26 19:35:16	MarkDuplicates	Duplicate Index cleanup.
INFO	2025-08-26 19:35:16	MarkDuplicates	Getting Memory Stats.
INFO	2025-08-26 19:35:16	MarkDuplicates	Before output close freeMemory: 525355720; totalMemory: 536870912; maxMemory: 1073741824
INFO	2025-08-26 19:35:16	MarkDuplicates	Closed outputs. Getting more Memory Stats.
INFO	2025-08-26 19:35:16	MarkDuplicates	After output close freeMemory: 525355832; totalMemory: 536870912; maxMemory: 1073741824
[Tue Aug 26 19:35:16 GMT-03:00 2025] picard.sam.markduplicates.MarkDuplicates done. Elapsed time: 0.04 minutes.
Runtime.totalMemory()=536870912
